START_TIME=1415305391
## 2014-11-06 20:23:11 Start mpirun with mpi-benchmark
mpirun --mca btl self,openib  /chome/cluser/mpi_bench/ubuntu12_omp-sys//libexec/osu-micro-benchmarks/mpi/collective//osu_alltoall > osu_alltoall.out
--------------------------------------------------------------------------
WARNING: No preset parameters were found for the device that Open MPI
detected:

  Local host:            u12_2
  Device name:           mlx4_0
  Device vendor ID:      0x02c9
  Device vendor part ID: 4099

Default device parameters will be used, which may result in lower
performance.  You can edit any of the files specified by the
btl_openib_device_param_files MCA parameter to set values for your
device.

NOTE: You can turn off this warning by setting the MCA parameter
      btl_openib_warn_no_device_params_found to 0.
--------------------------------------------------------------------------
[u12_1:00709] 1 more process has sent help message help-mpi-btl-openib.txt / no device params found
[u12_1:00709] Set MCA parameter "orte_base_help_aggregate" to 0 to see all help / error messages
## 2014-11-06 20:23:12 Job ends
END_TIME=1415305392
